2012-11-10 15:20:52,500 ERROR Update: Timed out
2012-11-10 15:38:27,030 ERROR Update: Timed out
2012-11-20 13:04:40,358 ERROR Opening: File is Being Used C:/CODE/assets/common.nut
2012-11-20 13:04:40,967 ERROR Opening: File is Being Used C:/gg.moon
2012-11-20 13:04:41,390 ERROR Opening: File is Being Used C:/CODE/assets/Engine.h
2012-11-20 13:04:41,687 ERROR Opening: File is Being Used C:/CODE/assets/howtoscene.nut
2012-11-20 13:04:41,921 ERROR Opening: File is Being Used C:/CODE/assets/logoscene.nut
2012-11-20 13:06:10,625 ERROR Opening: File is Being Used C:/CODE/assets/common.nut
2012-11-20 13:09:22,967 ERROR Opening: File is Being Used C:/CODE/assets/common.nut
2012-11-20 13:24:23,390 ERROR Opening: File is Being Used C:/CODE/assets/common.nut
2012-11-20 13:24:24,703 ERROR Opening: File is Being Used C:/CODE/assets/logoscene.nut
2012-11-20 13:27:15,608 ERROR Update: Net Connection Not Found
2012-11-20 13:29:18,280 ERROR Opening: File is Being Used C:/CODE/assets/logoscene.nut
2012-11-20 13:29:21,171 ERROR Opening: File is Being Used C:/CODE/assets/logoscene.nut
2012-11-20 13:49:40,000 ERROR Opening: File is Being Used C:/CODE/assets/common.nut
2012-11-20 13:49:40,905 ERROR Opening: File is Being Used C:/CODE/assets/logoscene.nut
2012-11-20 13:50:47,375 ERROR Update: Net Connection Not Found
2012-11-20 14:27:44,530 ERROR Update: Net Connection Not Found
2012-11-20 14:28:18,483 ERROR Update: Net Connection Not Found
2012-11-20 14:28:31,000 ERROR Update: Net Connection Not Found
2012-11-20 14:28:43,578 ERROR Update: Net Connection Not Found
2012-11-20 14:29:12,765 ERROR Update: Net Connection Not Found
2012-11-20 14:29:23,671 ERROR Update: Net Connection Not Found
2012-11-20 14:29:56,092 ERROR Update: Net Connection Not Found
2012-11-20 14:30:13,358 ERROR Update: Net Connection Not Found
2012-11-20 14:30:36,233 ERROR Update: Net Connection Not Found
2012-11-20 14:33:32,375 ERROR Update: Net Connection Not Found
2012-11-20 14:34:07,155 ERROR Update: Net Connection Not Found
2012-11-20 14:35:39,812 ERROR Update: Net Connection Not Found
2013-01-04 10:39:29,780 ERROR Opening: File Does Not Exist C:/CODE/assets/common.nut
2013-01-04 10:39:30,187 ERROR Opening: File Does Not Exist C:/CODE/assets/logoscene.nut
